1.3M    ../agda-playground
6.8G    ../asm
453M    ../cargo-error
7.6M    ../cu-boulder-fall-23
147M    ../cv
361M    ../doc-store-rs
684K    ../dumbo
309M    ../exmaple
16K     ../go-helpers
6.3M    ../go-html-forms
172K    ../hack-society
132K    ../homelab
407M    ../img-svc
4.0K    ../img-svc2
51M     ../ipld-metadata
896M    ../leptos-use
82M     ../littlebenlittle.github.io
12G     ../media-manager
416K    ../NoHarm
261M    ../resman
1.9M    ../rust-playground
134M    ../rustwasm-tusd
128K    ../util
4.7M    ../wasm-repl
204M    ../wasmtime
2.1M    ../yew-playground
